<?xml version="1.0" encoding="utf-8"?>
<coverage line-rate="0.8299" branch-rate="0.6818000000000001" version="1.9" timestamp="1766396530" lines-covered="122" lines-valid="147" branches-covered="15" branches-valid="22">
  <sources>
    <source>C:\Users\fabio.vacchino\MyProject\CardApp\Backend\ComplicityGame.Core\</source>
  </sources>
  <packages>
    <package name="ComplicityGame.Core" line-rate="0.8299" branch-rate="0.6818000000000001" complexity="75">
      <classes>
        <class name="ComplicityGame.Core.Models.GameDbContext" filename="Models.cs" line-rate="1" branch-rate="1" complexity="6">
          <methods>
            <method name="get_Users" signature="()" line-rate="1" branch-rate="1" complexity="1">
              <lines>
                <line number="10" hits="31" branch="False" />
              </lines>
            </method>
            <method name="get_Couples" signature="()" line-rate="1" branch-rate="1" complexity="1">
              <lines>
                <line number="11" hits="10" branch="False" />
              </lines>
            </method>
            <method name="get_CoupleUsers" signature="()" line-rate="1" branch-rate="1" complexity="1">
              <lines>
                <line number="12" hits="27" branch="False" />
              </lines>
            </method>
            <method name="get_GameSessions" signature="()" line-rate="1" branch-rate="1" complexity="1">
              <lines>
                <line number="13" hits="3" branch="False" />
              </lines>
            </method>
            <method name="OnModelCreating" signature="(Microsoft.EntityFrameworkCore.ModelBuilder)" line-rate="1" branch-rate="1" complexity="1">
              <lines>
                <line number="16" hits="2" branch="False" />
                <line number="17" hits="2" branch="False" />
                <line number="18" hits="2" branch="False" />
                <line number="19" hits="2" branch="False" />
                <line number="20" hits="2" branch="False" />
                <line number="21" hits="2" branch="False" />
                <line number="22" hits="4" branch="False" />
                <line number="24" hits="2" branch="False" />
                <line number="25" hits="2" branch="False" />
                <line number="26" hits="2" branch="False" />
                <line number="27" hits="2" branch="False" />
                <line number="28" hits="2" branch="False" />
                <line number="29" hits="2" branch="False" />
                <line number="30" hits="2" branch="False" />
                <line number="31" hits="4" branch="False" />
                <line number="33" hits="2" branch="False" />
                <line number="34" hits="2" branch="False" />
                <line number="35" hits="2" branch="False" />
                <line number="36" hits="2" branch="False" />
                <line number="37" hits="2" branch="False" />
                <line number="38" hits="4" branch="False" />
                <line number="40" hits="2" branch="False" />
                <line number="41" hits="2" branch="False" />
                <line number="42" hits="2" branch="False" />
                <line number="43" hits="2" branch="False" />
                <line number="44" hits="4" branch="False" />
                <line number="45" hits="2" branch="False" />
              </lines>
            </method>
            <method name=".ctor" signature="(Microsoft.EntityFrameworkCore.DbContextOptions`1&lt;ComplicityGame.Core.Models.GameDbContext&gt;)" line-rate="1" branch-rate="1" complexity="1">
              <lines>
                <line number="8" hits="21" branch="False" />
              </lines>
            </method>
          </methods>
          <lines>
            <line number="10" hits="31" branch="False" />
            <line number="11" hits="10" branch="False" />
            <line number="12" hits="27" branch="False" />
            <line number="13" hits="3" branch="False" />
            <line number="16" hits="2" branch="False" />
            <line number="17" hits="2" branch="False" />
            <line number="18" hits="2" branch="False" />
            <line number="19" hits="2" branch="False" />
            <line number="20" hits="2" branch="False" />
            <line number="21" hits="2" branch="False" />
            <line number="22" hits="4" branch="False" />
            <line number="24" hits="2" branch="False" />
            <line number="25" hits="2" branch="False" />
            <line number="26" hits="2" branch="False" />
            <line number="27" hits="2" branch="False" />
            <line number="28" hits="2" branch="False" />
            <line number="29" hits="2" branch="False" />
            <line number="30" hits="2" branch="False" />
            <line number="31" hits="4" branch="False" />
            <line number="33" hits="2" branch="False" />
            <line number="34" hits="2" branch="False" />
            <line number="35" hits="2" branch="False" />
            <line number="36" hits="2" branch="False" />
            <line number="37" hits="2" branch="False" />
            <line number="38" hits="4" branch="False" />
            <line number="40" hits="2" branch="False" />
            <line number="41" hits="2" branch="False" />
            <line number="42" hits="2" branch="False" />
            <line number="43" hits="2" branch="False" />
            <line number="44" hits="4" branch="False" />
            <line number="45" hits="2" branch="False" />
            <line number="8" hits="21" branch="False" />
          </lines>
        </class>
        <class name="ComplicityGame.Core.Models.User" filename="Models.cs" line-rate="0.909" branch-rate="1" complexity="11">
          <methods>
            <method name="get_Id" signature="()" line-rate="1" branch-rate="1" complexity="1">
              <lines>
                <line number="50" hits="132" branch="False" />
              </lines>
            </method>
            <method name="get_Name" signature="()" line-rate="1" branch-rate="1" complexity="1">
              <lines>
                <line number="51" hits="102" branch="False" />
              </lines>
            </method>
            <method name="get_PersonalCode" signature="()" line-rate="1" branch-rate="1" complexity="1">
              <lines>
                <line number="52" hits="98" branch="False" />
              </lines>
            </method>
            <method name="get_GameType" signature="()" line-rate="1" branch-rate="1" complexity="1">
              <lines>
                <line number="53" hits="83" branch="False" />
              </lines>
            </method>
            <method name="get_AvailableForPairing" signature="()" line-rate="1" branch-rate="1" complexity="1">
              <lines>
                <line number="54" hits="63" branch="False" />
              </lines>
            </method>
            <method name="get_CreatedAt" signature="()" line-rate="1" branch-rate="1" complexity="1">
              <lines>
                <line number="55" hits="71" branch="False" />
              </lines>
            </method>
            <method name="get_UpdatedAt" signature="()" line-rate="1" branch-rate="1" complexity="1">
              <lines>
                <line number="56" hits="79" branch="False" />
              </lines>
            </method>
            <method name="get_Nickname" signature="()" line-rate="0" branch-rate="1" complexity="1">
              <lines>
                <line number="57" hits="0" branch="False" />
              </lines>
            </method>
            <method name="get_IsOnline" signature="()" line-rate="1" branch-rate="1" complexity="1">
              <lines>
                <line number="58" hits="76" branch="False" />
              </lines>
            </method>
            <method name="get_LastSeen" signature="()" line-rate="1" branch-rate="1" complexity="1">
              <lines>
                <line number="59" hits="68" branch="False" />
              </lines>
            </method>
            <method name="get_AuthToken" signature="()" line-rate="1" branch-rate="1" complexity="1">
              <lines>
                <line number="60" hits="70" branch="False" />
              </lines>
            </method>
          </methods>
          <lines>
            <line number="50" hits="132" branch="False" />
            <line number="51" hits="102" branch="False" />
            <line number="52" hits="98" branch="False" />
            <line number="53" hits="83" branch="False" />
            <line number="54" hits="63" branch="False" />
            <line number="55" hits="71" branch="False" />
            <line number="56" hits="79" branch="False" />
            <line number="57" hits="0" branch="False" />
            <line number="58" hits="76" branch="False" />
            <line number="59" hits="68" branch="False" />
            <line number="60" hits="70" branch="False" />
          </lines>
        </class>
        <class name="ComplicityGame.Core.Models.Couple" filename="Models.cs" line-rate="1" branch-rate="1" complexity="9">
          <methods>
            <method name="get_Id" signature="()" line-rate="1" branch-rate="1" complexity="1">
              <lines>
                <line number="65" hits="53" branch="False" />
              </lines>
            </method>
            <method name="get_Name" signature="()" line-rate="1" branch-rate="1" complexity="1">
              <lines>
                <line number="66" hits="24" branch="False" />
              </lines>
            </method>
            <method name="get_CreatedBy" signature="()" line-rate="1" branch-rate="1" complexity="1">
              <lines>
                <line number="67" hits="21" branch="False" />
              </lines>
            </method>
            <method name="get_GameType" signature="()" line-rate="1" branch-rate="1" complexity="1">
              <lines>
                <line number="68" hits="19" branch="False" />
              </lines>
            </method>
            <method name="get_IsActive" signature="()" line-rate="1" branch-rate="1" complexity="1">
              <lines>
                <line number="69" hits="17" branch="False" />
              </lines>
            </method>
            <method name="get_CreatedAt" signature="()" line-rate="1" branch-rate="1" complexity="1">
              <lines>
                <line number="70" hits="17" branch="False" />
              </lines>
            </method>
            <method name="get_UpdatedAt" signature="()" line-rate="1" branch-rate="1" complexity="1">
              <lines>
                <line number="71" hits="10" branch="False" />
              </lines>
            </method>
            <method name="get_Members" signature="()" line-rate="1" branch-rate="1" complexity="1">
              <lines>
                <line number="72" hits="70" branch="False" />
              </lines>
            </method>
            <method name="get_Users" signature="()" line-rate="1" branch-rate="1" complexity="1">
              <lines>
                <line number="73" hits="10" branch="False" />
              </lines>
            </method>
          </methods>
          <lines>
            <line number="65" hits="53" branch="False" />
            <line number="66" hits="24" branch="False" />
            <line number="67" hits="21" branch="False" />
            <line number="68" hits="19" branch="False" />
            <line number="69" hits="17" branch="False" />
            <line number="70" hits="17" branch="False" />
            <line number="71" hits="10" branch="False" />
            <line number="72" hits="70" branch="False" />
            <line number="73" hits="10" branch="False" />
          </lines>
        </class>
        <class name="ComplicityGame.Core.Models.CoupleUser" filename="Models.cs" line-rate="1" branch-rate="1" complexity="6">
          <methods>
            <method name="get_CoupleId" signature="()" line-rate="1" branch-rate="1" complexity="1">
              <lines>
                <line number="78" hits="52" branch="False" />
              </lines>
            </method>
            <method name="get_UserId" signature="()" line-rate="1" branch-rate="1" complexity="1">
              <lines>
                <line number="79" hits="85" branch="False" />
              </lines>
            </method>
            <method name="get_Role" signature="()" line-rate="1" branch-rate="1" complexity="1">
              <lines>
                <line number="80" hits="40" branch="False" />
              </lines>
            </method>
            <method name="get_JoinedAt" signature="()" line-rate="1" branch-rate="1" complexity="1">
              <lines>
                <line number="81" hits="40" branch="False" />
              </lines>
            </method>
            <method name="get_Couple" signature="()" line-rate="1" branch-rate="1" complexity="1">
              <lines>
                <line number="82" hits="29" branch="False" />
              </lines>
            </method>
            <method name="get_User" signature="()" line-rate="1" branch-rate="1" complexity="1">
              <lines>
                <line number="83" hits="42" branch="False" />
              </lines>
            </method>
          </methods>
          <lines>
            <line number="78" hits="52" branch="False" />
            <line number="79" hits="85" branch="False" />
            <line number="80" hits="40" branch="False" />
            <line number="81" hits="40" branch="False" />
            <line number="82" hits="29" branch="False" />
            <line number="83" hits="42" branch="False" />
          </lines>
        </class>
        <class name="ComplicityGame.Core.Models.GameSession" filename="Models.cs" line-rate="1" branch-rate="1" complexity="4">
          <methods>
            <method name="get_Id" signature="()" line-rate="1" branch-rate="1" complexity="1">
              <lines>
                <line number="88" hits="2" branch="False" />
              </lines>
            </method>
            <method name="get_CoupleId" signature="()" line-rate="1" branch-rate="1" complexity="1">
              <lines>
                <line number="89" hits="2" branch="False" />
              </lines>
            </method>
            <method name="get_CreatedAt" signature="()" line-rate="1" branch-rate="1" complexity="1">
              <lines>
                <line number="90" hits="2" branch="False" />
              </lines>
            </method>
            <method name="get_IsActive" signature="()" line-rate="1" branch-rate="1" complexity="1">
              <lines>
                <line number="91" hits="2" branch="False" />
              </lines>
            </method>
          </methods>
          <lines>
            <line number="88" hits="2" branch="False" />
            <line number="89" hits="2" branch="False" />
            <line number="90" hits="2" branch="False" />
            <line number="91" hits="2" branch="False" />
          </lines>
        </class>
        <class name="ComplicityGame.Core.Events.BaseEvent" filename="Events.cs" line-rate="1" branch-rate="1" complexity="3">
          <methods>
            <method name="get_EventId" signature="()" line-rate="1" branch-rate="1" complexity="1">
              <lines>
                <line number="5" hits="5" branch="False" />
              </lines>
            </method>
            <method name="get_Timestamp" signature="()" line-rate="1" branch-rate="1" complexity="1">
              <lines>
                <line number="6" hits="5" branch="False" />
              </lines>
            </method>
            <method name="get_UserId" signature="()" line-rate="1" branch-rate="1" complexity="1">
              <lines>
                <line number="7" hits="10" branch="False" />
              </lines>
            </method>
          </methods>
          <lines>
            <line number="5" hits="5" branch="False" />
            <line number="6" hits="5" branch="False" />
            <line number="7" hits="10" branch="False" />
          </lines>
        </class>
        <class name="ComplicityGame.Core.Events.CoupleCreatedEvent" filename="Events.cs" line-rate="0" branch-rate="1" complexity="4">
          <methods>
            <method name="get_EventType" signature="()" line-rate="0" branch-rate="1" complexity="1">
              <lines>
                <line number="13" hits="0" branch="False" />
              </lines>
            </method>
            <method name="get_CoupleId" signature="()" line-rate="0" branch-rate="1" complexity="1">
              <lines>
                <line number="14" hits="0" branch="False" />
              </lines>
            </method>
            <method name="get_CoupleCode" signature="()" line-rate="0" branch-rate="1" complexity="1">
              <lines>
                <line number="15" hits="0" branch="False" />
              </lines>
            </method>
            <method name="get_CreatedAt" signature="()" line-rate="0" branch-rate="1" complexity="1">
              <lines>
                <line number="16" hits="0" branch="False" />
              </lines>
            </method>
          </methods>
          <lines>
            <line number="13" hits="0" branch="False" />
            <line number="14" hits="0" branch="False" />
            <line number="15" hits="0" branch="False" />
            <line number="16" hits="0" branch="False" />
          </lines>
        </class>
        <class name="ComplicityGame.Core.Events.CoupleCompletedEvent" filename="Events.cs" line-rate="0.8332999999999999" branch-rate="1" complexity="6">
          <methods>
            <method name="get_EventType" signature="()" line-rate="0" branch-rate="1" complexity="1">
              <lines>
                <line number="21" hits="0" branch="False" />
              </lines>
            </method>
            <method name="get_CoupleId" signature="()" line-rate="1" branch-rate="1" complexity="1">
              <lines>
                <line number="22" hits="10" branch="False" />
              </lines>
            </method>
            <method name="get_CoupleCode" signature="()" line-rate="1" branch-rate="1" complexity="1">
              <lines>
                <line number="23" hits="10" branch="False" />
              </lines>
            </method>
            <method name="get_Member1Id" signature="()" line-rate="1" branch-rate="1" complexity="1">
              <lines>
                <line number="24" hits="10" branch="False" />
              </lines>
            </method>
            <method name="get_Member2Id" signature="()" line-rate="1" branch-rate="1" complexity="1">
              <lines>
                <line number="25" hits="10" branch="False" />
              </lines>
            </method>
            <method name="get_CompletedAt" signature="()" line-rate="1" branch-rate="1" complexity="1">
              <lines>
                <line number="26" hits="5" branch="False" />
              </lines>
            </method>
          </methods>
          <lines>
            <line number="21" hits="0" branch="False" />
            <line number="22" hits="10" branch="False" />
            <line number="23" hits="10" branch="False" />
            <line number="24" hits="10" branch="False" />
            <line number="25" hits="10" branch="False" />
            <line number="26" hits="5" branch="False" />
          </lines>
        </class>
        <class name="ComplicityGame.Core.Events.CoupleDisconnectionEvent" filename="Events.cs" line-rate="0" branch-rate="1" complexity="3">
          <methods>
            <method name="get_EventType" signature="()" line-rate="0" branch-rate="1" complexity="1">
              <lines>
                <line number="31" hits="0" branch="False" />
              </lines>
            </method>
            <method name="get_CoupleId" signature="()" line-rate="0" branch-rate="1" complexity="1">
              <lines>
                <line number="32" hits="0" branch="False" />
              </lines>
            </method>
            <method name="get_DisconnectedAt" signature="()" line-rate="0" branch-rate="1" complexity="1">
              <lines>
                <line number="33" hits="0" branch="False" />
              </lines>
            </method>
          </methods>
          <lines>
            <line number="31" hits="0" branch="False" />
            <line number="32" hits="0" branch="False" />
            <line number="33" hits="0" branch="False" />
          </lines>
        </class>
        <class name="ComplicityGame.Core.Services.CoupleMatchingService" filename="CoupleMatchingService.cs" line-rate="1" branch-rate="1" complexity="1">
          <methods>
            <method name=".ctor" signature="(ComplicityGame.Core.Models.GameDbContext,ComplicityGame.Core.Services.IEventPublisher,Microsoft.Extensions.Logging.ILogger`1&lt;ComplicityGame.Core.Services.CoupleMatchingService&gt;)" line-rate="1" branch-rate="1" complexity="1">
              <lines>
                <line number="27" hits="7" branch="False" />
                <line number="28" hits="7" branch="False" />
                <line number="29" hits="7" branch="False" />
                <line number="30" hits="7" branch="False" />
                <line number="31" hits="7" branch="False" />
                <line number="32" hits="7" branch="False" />
              </lines>
            </method>
          </methods>
          <lines>
            <line number="27" hits="7" branch="False" />
            <line number="28" hits="7" branch="False" />
            <line number="29" hits="7" branch="False" />
            <line number="30" hits="7" branch="False" />
            <line number="31" hits="7" branch="False" />
            <line number="32" hits="7" branch="False" />
          </lines>
        </class>
        <class name="ComplicityGame.Core.Services.CoupleMatchingService/&lt;CreateOrJoinCoupleAsync&gt;d__4" filename="CoupleMatchingService.cs" line-rate="0.746" branch-rate="0.6818000000000001" complexity="22">
          <methods>
            <method name="MoveNext" signature="()" line-rate="0.746" branch-rate="0.6818000000000001" complexity="22">
              <lines>
                <line number="35" hits="10" branch="False" />
                <line number="36" hits="10" branch="False" />
                <line number="37" hits="10" branch="True" condition-coverage="50% (1/2)">
                  <conditions>
                    <condition number="332" type="jump" coverage="50%" />
                  </conditions>
                </line>
                <line number="39" hits="10" branch="False" />
                <line number="40" hits="10" branch="False" />
                <line number="41" hits="10" branch="False" />
                <line number="42" hits="10" branch="False" />
                <line number="43" hits="11" branch="True" condition-coverage="100% (2/2)">
                  <conditions>
                    <condition number="734" type="jump" coverage="100%" />
                  </conditions>
                </line>
                <line number="45" hits="9" branch="False" />
                <line number="46" hits="11" branch="True" condition-coverage="100% (4/4)">
                  <conditions>
                    <condition number="1019" type="jump" coverage="100%" />
                    <condition number="1060" type="jump" coverage="100%" />
                  </conditions>
                </line>
                <line number="48" hits="7" branch="False" />
                <line number="49" hits="7" branch="False" />
                <line number="50" hits="7" branch="False" />
                <line number="51" hits="7" branch="False" />
                <line number="52" hits="9" branch="True" condition-coverage="100% (4/4)">
                  <conditions>
                    <condition number="1475" type="jump" coverage="100%" />
                    <condition number="1511" type="jump" coverage="100%" />
                  </conditions>
                </line>
                <line number="55" hits="5" branch="True" condition-coverage="50% (2/4)">
                  <conditions>
                    <condition number="1526" type="jump" coverage="50%" />
                    <condition number="1559" type="jump" coverage="50%" />
                  </conditions>
                </line>
                <line number="56" hits="0" branch="False" />
                <line number="57" hits="0" branch="False" />
                <line number="58" hits="0" branch="False" />
                <line number="59" hits="0" branch="False" />
                <line number="60" hits="0" branch="True" condition-coverage="0% (0/2)">
                  <conditions>
                    <condition number="2128" type="jump" coverage="0%" />
                  </conditions>
                </line>
                <line number="61" hits="0" branch="False" />
                <line number="63" hits="5" branch="False" />
                <line number="64" hits="5" branch="False" />
                <line number="65" hits="5" branch="False" />
                <line number="66" hits="5" branch="False" />
                <line number="67" hits="5" branch="False" />
                <line number="68" hits="5" branch="False" />
                <line number="69" hits="5" branch="False" />
                <line number="70" hits="5" branch="False" />
                <line number="71" hits="5" branch="False" />
                <line number="72" hits="5" branch="False" />
                <line number="73" hits="5" branch="False" />
                <line number="74" hits="5" branch="False" />
                <line number="75" hits="5" branch="False" />
                <line number="76" hits="5" branch="True" condition-coverage="50% (1/2)">
                  <conditions>
                    <condition number="2948" type="jump" coverage="50%" />
                  </conditions>
                </line>
                <line number="77" hits="5" branch="False" />
                <line number="79" hits="5" branch="True" condition-coverage="50% (1/2)">
                  <conditions>
                    <condition number="3003" type="jump" coverage="50%" />
                  </conditions>
                </line>
                <line number="80" hits="5" branch="False" />
                <line number="81" hits="5" branch="False" />
                <line number="82" hits="5" branch="False" />
                <line number="83" hits="5" branch="False" />
                <line number="84" hits="5" branch="False" />
                <line number="85" hits="5" branch="False" />
                <line number="86" hits="5" branch="False" />
                <line number="87" hits="5" branch="False" />
                <line number="88" hits="5" branch="False" />
                <line number="89" hits="5" branch="False" />
                <line number="90" hits="5" branch="False" />
                <line number="91" hits="5" branch="False" />
                <line number="92" hits="5" branch="False" />
                <line number="94" hits="0" branch="False" />
                <line number="95" hits="0" branch="False" />
                <line number="96" hits="0" branch="False" />
                <line number="97" hits="0" branch="False" />
                <line number="98" hits="0" branch="False" />
                <line number="99" hits="0" branch="False" />
                <line number="100" hits="0" branch="False" />
                <line number="101" hits="0" branch="False" />
                <line number="102" hits="0" branch="False" />
                <line number="103" hits="0" branch="False" />
                <line number="105" hits="5" branch="False" />
                <line number="106" hits="10" branch="False" />
              </lines>
            </method>
          </methods>
          <lines>
            <line number="35" hits="10" branch="False" />
            <line number="36" hits="10" branch="False" />
            <line number="37" hits="10" branch="True" condition-coverage="50% (1/2)">
              <conditions>
                <condition number="332" type="jump" coverage="50%" />
              </conditions>
            </line>
            <line number="39" hits="10" branch="False" />
            <line number="40" hits="10" branch="False" />
            <line number="41" hits="10" branch="False" />
            <line number="42" hits="10" branch="False" />
            <line number="43" hits="11" branch="True" condition-coverage="100% (2/2)">
              <conditions>
                <condition number="734" type="jump" coverage="100%" />
              </conditions>
            </line>
            <line number="45" hits="9" branch="False" />
            <line number="46" hits="11" branch="True" condition-coverage="100% (4/4)">
              <conditions>
                <condition number="1019" type="jump" coverage="100%" />
                <condition number="1060" type="jump" coverage="100%" />
              </conditions>
            </line>
            <line number="48" hits="7" branch="False" />
            <line number="49" hits="7" branch="False" />
            <line number="50" hits="7" branch="False" />
            <line number="51" hits="7" branch="False" />
            <line number="52" hits="9" branch="True" condition-coverage="100% (4/4)">
              <conditions>
                <condition number="1475" type="jump" coverage="100%" />
                <condition number="1511" type="jump" coverage="100%" />
              </conditions>
            </line>
            <line number="55" hits="5" branch="True" condition-coverage="50% (2/4)">
              <conditions>
                <condition number="1526" type="jump" coverage="50%" />
                <condition number="1559" type="jump" coverage="50%" />
              </conditions>
            </line>
            <line number="56" hits="0" branch="False" />
            <line number="57" hits="0" branch="False" />
            <line number="58" hits="0" branch="False" />
            <line number="59" hits="0" branch="False" />
            <line number="60" hits="0" branch="True" condition-coverage="0% (0/2)">
              <conditions>
                <condition number="2128" type="jump" coverage="0%" />
              </conditions>
            </line>
            <line number="61" hits="0" branch="False" />
            <line number="63" hits="5" branch="False" />
            <line number="64" hits="5" branch="False" />
            <line number="65" hits="5" branch="False" />
            <line number="66" hits="5" branch="False" />
            <line number="67" hits="5" branch="False" />
            <line number="68" hits="5" branch="False" />
            <line number="69" hits="5" branch="False" />
            <line number="70" hits="5" branch="False" />
            <line number="71" hits="5" branch="False" />
            <line number="72" hits="5" branch="False" />
            <line number="73" hits="5" branch="False" />
            <line number="74" hits="5" branch="False" />
            <line number="75" hits="5" branch="False" />
            <line number="76" hits="5" branch="True" condition-coverage="50% (1/2)">
              <conditions>
                <condition number="2948" type="jump" coverage="50%" />
              </conditions>
            </line>
            <line number="77" hits="5" branch="False" />
            <line number="79" hits="5" branch="True" condition-coverage="50% (1/2)">
              <conditions>
                <condition number="3003" type="jump" coverage="50%" />
              </conditions>
            </line>
            <line number="80" hits="5" branch="False" />
            <line number="81" hits="5" branch="False" />
            <line number="82" hits="5" branch="False" />
            <line number="83" hits="5" branch="False" />
            <line number="84" hits="5" branch="False" />
            <line number="85" hits="5" branch="False" />
            <line number="86" hits="5" branch="False" />
            <line number="87" hits="5" branch="False" />
            <line number="88" hits="5" branch="False" />
            <line number="89" hits="5" branch="False" />
            <line number="90" hits="5" branch="False" />
            <line number="91" hits="5" branch="False" />
            <line number="92" hits="5" branch="False" />
            <line number="94" hits="0" branch="False" />
            <line number="95" hits="0" branch="False" />
            <line number="96" hits="0" branch="False" />
            <line number="97" hits="0" branch="False" />
            <line number="98" hits="0" branch="False" />
            <line number="99" hits="0" branch="False" />
            <line number="100" hits="0" branch="False" />
            <line number="101" hits="0" branch="False" />
            <line number="102" hits="0" branch="False" />
            <line number="103" hits="0" branch="False" />
            <line number="105" hits="5" branch="False" />
            <line number="106" hits="10" branch="False" />
          </lines>
        </class>
      </classes>
    </package>
  </packages>
</coverage>